Determining if the pthread_create exist failed with the following output:
Change Dir: /home/matheus/Documentos/Simulação_Vrep_Seguidor/build/CMakeFiles/CMakeTmp

Run Build Command:"/usr/bin/make" "cmTC_ce7fd/fast"
/usr/bin/make -f CMakeFiles/cmTC_ce7fd.dir/build.make CMakeFiles/cmTC_ce7fd.dir/build
make[1]: Entering directory '/home/matheus/Documentos/Simulação_Vrep_Seguidor/build/CMakeFiles/CMakeTmp'
Building C object CMakeFiles/cmTC_ce7fd.dir/CheckSymbolExists.c.o
/usr/bin/cc     -o CMakeFiles/cmTC_ce7fd.dir/CheckSymbolExists.c.o   -c /home/matheus/Documentos/Simulação_Vrep_Seguidor/build/CMakeFiles/CMakeTmp/CheckSymbolExists.c
Linking C executable cmTC_ce7fd
/usr/bin/cmake -E cmake_link_script CMakeFiles/cmTC_ce7fd.dir/link.txt --verbose=1
/usr/bin/cc       CMakeFiles/cmTC_ce7fd.dir/CheckSymbolExists.c.o  -o cmTC_ce7fd -rdynamic 
CMakeFiles/cmTC_ce7fd.dir/CheckSymbolExists.c.o: na função `main':
CheckSymbolExists.c:(.text+0x16): referência indefinida para `pthread_create'
collect2: error: ld returned 1 exit status
CMakeFiles/cmTC_ce7fd.dir/build.make:97: recipe for target 'cmTC_ce7fd' failed
make[1]: *** [cmTC_ce7fd] Error 1
make[1]: Leaving directory '/home/matheus/Documentos/Simulação_Vrep_Seguidor/build/CMakeFiles/CMakeTmp'
Makefile:126: recipe for target 'cmTC_ce7fd/fast' failed
make: *** [cmTC_ce7fd/fast] Error 2

File /home/matheus/Documentos/Simulação_Vrep_Seguidor/build/CMakeFiles/CMakeTmp/CheckSymbolExists.c:
/* */
#include <pthread.h>

int main(int argc, char** argv)
{
  (void)argv;
#ifndef pthread_create
  return ((int*)(&pthread_create))[argc];
#else
  (void)argc;
  return 0;
#endif
}

Determining if the function pthread_create exists in the pthreads failed with the following output:
Change Dir: /home/matheus/Documentos/Simulação_Vrep_Seguidor/build/CMakeFiles/CMakeTmp

Run Build Command:"/usr/bin/make" "cmTC_29584/fast"
/usr/bin/make -f CMakeFiles/cmTC_29584.dir/build.make CMakeFiles/cmTC_29584.dir/build
make[1]: Entering directory '/home/matheus/Documentos/Simulação_Vrep_Seguidor/build/CMakeFiles/CMakeTmp'
Building C object CMakeFiles/cmTC_29584.dir/CheckFunctionExists.c.o
/usr/bin/cc    -DCHECK_FUNCTION_EXISTS=pthread_create   -o CMakeFiles/cmTC_29584.dir/CheckFunctionExists.c.o   -c /usr/share/cmake-3.5/Modules/CheckFunctionExists.c
Linking C executable cmTC_29584
/usr/bin/cmake -E cmake_link_script CMakeFiles/cmTC_29584.dir/link.txt --verbose=1
/usr/bin/cc   -DCHECK_FUNCTION_EXISTS=pthread_create    CMakeFiles/cmTC_29584.dir/CheckFunctionExists.c.o  -o cmTC_29584 -rdynamic -lpthreads 
/usr/bin/ld: não foi possível encontrar -lpthreads
collect2: error: ld returned 1 exit status
CMakeFiles/cmTC_29584.dir/build.make:97: recipe for target 'cmTC_29584' failed
make[1]: *** [cmTC_29584] Error 1
make[1]: Leaving directory '/home/matheus/Documentos/Simulação_Vrep_Seguidor/build/CMakeFiles/CMakeTmp'
Makefile:126: recipe for target 'cmTC_29584/fast' failed
make: *** [cmTC_29584/fast] Error 2


